Godot Engine v4.5.1.stable.official.f62fdbde1 - https://godotengine.org

ERROR: Failed to read the root certificate store.
   at: get_system_ca_certificates (platform/windows/os_windows.cpp:2548)
PASS: Scripts load
PASS: Scenes instantiate
PASS: Main menu buttons exist
PASS: Settings menu widgets exist
PASS: Main menu logos/footer
PASS: Boot scene logos and footer
PASS: Loading screen status/progress API
PASS: Settings apply/revert UI present
WARNING: ConfigManager: failed to save config (user:// unavailable), settings not persisted.
   at: push_warning (core/variant/variant_utility.cpp:1034)
   GDScript backtrace (most recent call first):
       [0] save_config (res://shared/autoload/ConfigManager.gd:64)
       [1] load_config (res://shared/autoload/ConfigManager.gd:52)
       [2] _ready (res://shared/autoload/ConfigManager.gd:36)
       [3] _test_keybinds_config (res://tests/template_smoke.gd:151)
       [4] _run (res://tests/template_smoke.gd:30)
       [5] _run_all (res://tests/template_smoke.gd:22)
       [6] _initialize (res://tests/template_smoke.gd:8)
PASS: Keybinds come from config
WARNING: ConfigManager: failed to save config (user:// unavailable), settings not persisted.
   at: push_warning (core/variant/variant_utility.cpp:1034)
   GDScript backtrace (most recent call first):
       [0] save_config (res://shared/autoload/ConfigManager.gd:64)
       [1] load_config (res://shared/autoload/ConfigManager.gd:52)
       [2] _ready (res://shared/autoload/ConfigManager.gd:36)
       [3] _test_footer_from_config (res://tests/template_smoke.gd:169)
       [4] _run (res://tests/template_smoke.gd:30)
       [5] _run_all (res://tests/template_smoke.gd:23)
       [6] _initialize (res://tests/template_smoke.gd:8)
PASS: Footer text matches config
Template smoke tests run: 10, failures: 0
[SceneConfig] autoload setting: {  }
[SceneConfig] project root: C:/Dropbox/work/OneDayGames/GodotProjects/defaultTemplate
[SceneConfig] base path: res:// (local_boot: true, template_boot: false)
[SceneConfig] registered ids: ["boot", "main_menu", "loading", "settings", "credits", "gameplay"]
WARNING: ConfigManager: failed to save config (user:// unavailable), settings not persisted.
   at: push_warning (core/variant/variant_utility.cpp:1034)
   GDScript backtrace (most recent call first):
       [0] save_config (res://shared/autoload/ConfigManager.gd:64)
       [1] load_config (res://shared/autoload/ConfigManager.gd:52)
       [2] _ready (res://shared/autoload/ConfigManager.gd:36)
[SceneManager] Engine singletons at ready: ["Performance", "Engine", "ProjectSettings", "OS", "Time", "TextServerManager", "PhysicsServer2DManager", "PhysicsServer3DManager", "NavigationMeshGenerator", "IP", "Geometry2D", "Geometry3D", "ResourceLoader", "ResourceSaver", "ClassDB", "Marshalls", "TranslationServer", "Input", "InputMap", "EngineDebugger", "GDExtensionManager", "ResourceUID", "WorkerThreadPool", "ThemeDB", "JavaClassWrapper", "JavaScriptBridge", "AudioServer", "CameraServer", "DisplayServer", "NativeMenu", "RenderingServer", "NavigationServer2D", "NavigationServer3D", "PhysicsServer2D", "PhysicsServer3D", "XRServer"]
[SceneManager] autoload SceneConfig path: res://shared/autoload/SceneConfig.gd
[SceneManager] scene_config set: true
[Boot] ready, applying theme and warning
[SceneManager] ready. SceneConfig exists: true at C:/Dropbox/work/OneDayGames/GodotProjects/defaultTemplate/
WARNING: ObjectDB instances leaked at exit (run with --verbose for details).
   at: cleanup (core/object/object.cpp:2514)
